ERROR - 2024-06-17 15:15:37 --> Error connecting to the database: mysqli_sql_exception: Access denied for user 'root'@'localhost' (using password: YES) in C:\wamp64\www\remote-devs\system\Database\MySQLi\Connection.php:186
Stack trace:
#0 C:\wamp64\www\remote-devs\system\Database\MySQLi\Connection.php(186): mysqli->real_connect('localhost', 'root', Object(SensitiveParameterValue), 'remote-devs', 3306, '', 0)
#1 C:\wamp64\www\remote-devs\system\Database\BaseConnection.php(421): CodeIgniter\Database\MySQLi\Connection->connect(false)
#2 C:\wamp64\www\remote-devs\system\Database\BaseConnection.php(604): CodeIgniter\Database\BaseConnection->initialize()
#3 C:\wamp64\www\remote-devs\system\Database\BaseBuilder.php(1629): CodeIgniter\Database\BaseConnection->query('SELECT `product...', Array, false)
#4 C:\wamp64\www\remote-devs\system\Model.php(275): CodeIgniter\Database\BaseBuilder->get()
#5 C:\wamp64\www\remote-devs\system\BaseModel.php(676): CodeIgniter\Model->doFindAll(0, 0)
#6 C:\wamp64\www\remote-devs\app\Models\ProductModel.php(18): CodeIgniter\BaseModel->findAll()
#7 C:\wamp64\www\remote-devs\app\Controllers\ProductController.php(13): App\Models\ProductModel->getProducts()
#8 C:\wamp64\www\remote-devs\system\CodeIgniter.php(933): App\Controllers\ProductController->index()
#9 C:\wamp64\www\remote-devs\system\CodeIgniter.php(509): CodeIgniter\CodeIgniter->runController(Object(App\Controllers\ProductController))
#10 C:\wamp64\www\remote-devs\system\CodeIgniter.php(355): CodeIgniter\CodeIgniter->handleRequest(NULL, Object(Config\Cache), false)
#11 C:\wamp64\www\remote-devs\system\Boot.php(312): CodeIgniter\CodeIgniter->run()
#12 C:\wamp64\www\remote-devs\system\Boot.php(67): CodeIgniter\Boot::runCodeIgniter(Object(CodeIgniter\CodeIgniter))
#13 C:\wamp64\www\remote-devs\public\index.php(56): CodeIgniter\Boot::bootWeb(Object(Config\Paths))
#14 {main}

Next CodeIgniter\Database\Exceptions\DatabaseException: Access denied for user '****'@'localhost' (using password: YES) in C:\wamp64\www\remote-devs\system\Database\MySQLi\Connection.php:231
Stack trace:
#0 C:\wamp64\www\remote-devs\system\Database\BaseConnection.php(421): CodeIgniter\Database\MySQLi\Connection->connect(false)
#1 C:\wamp64\www\remote-devs\system\Database\BaseConnection.php(604): CodeIgniter\Database\BaseConnection->initialize()
#2 C:\wamp64\www\remote-devs\system\Database\BaseBuilder.php(1629): CodeIgniter\Database\BaseConnection->query('SELECT `product...', Array, false)
#3 C:\wamp64\www\remote-devs\system\Model.php(275): CodeIgniter\Database\BaseBuilder->get()
#4 C:\wamp64\www\remote-devs\system\BaseModel.php(676): CodeIgniter\Model->doFindAll(0, 0)
#5 C:\wamp64\www\remote-devs\app\Models\ProductModel.php(18): CodeIgniter\BaseModel->findAll()
#6 C:\wamp64\www\remote-devs\app\Controllers\ProductController.php(13): App\Models\ProductModel->getProducts()
#7 C:\wamp64\www\remote-devs\system\CodeIgniter.php(933): App\Controllers\ProductController->index()
#8 C:\wamp64\www\remote-devs\system\CodeIgniter.php(509): CodeIgniter\CodeIgniter->runController(Object(App\Controllers\ProductController))
#9 C:\wamp64\www\remote-devs\system\CodeIgniter.php(355): CodeIgniter\CodeIgniter->handleRequest(NULL, Object(Config\Cache), false)
#10 C:\wamp64\www\remote-devs\system\Boot.php(312): CodeIgniter\CodeIgniter->run()
#11 C:\wamp64\www\remote-devs\system\Boot.php(67): CodeIgniter\Boot::runCodeIgniter(Object(CodeIgniter\CodeIgniter))
#12 C:\wamp64\www\remote-devs\public\index.php(56): CodeIgniter\Boot::bootWeb(Object(Config\Paths))
#13 {main}
CRITICAL - 2024-06-17 15:15:37 --> CodeIgniter\Database\Exceptions\DatabaseException: Unable to connect to the database.
Main connection [MySQLi]: Access denied for user '****'@'localhost' (using password: YES)
[Method: GET, Route: products]
in SYSTEMPATH\Database\BaseConnection.php on line 457.
 1 SYSTEMPATH\Database\BaseConnection.php(604): CodeIgniter\Database\BaseConnection->initialize()
 2 SYSTEMPATH\Database\BaseBuilder.php(1629): CodeIgniter\Database\BaseConnection->query('SELECT `products`.*, `categories`.`name` as `category_name`
FROM `products`
JOIN `categories` ON `categories`.`id` = `products`.`category_id`', [], false)
 3 SYSTEMPATH\Model.php(275): CodeIgniter\Database\BaseBuilder->get()
 4 SYSTEMPATH\BaseModel.php(676): CodeIgniter\Model->doFindAll(0, 0)
 5 APPPATH\Models\ProductModel.php(18): CodeIgniter\BaseModel->findAll()
 6 APPPATH\Controllers\ProductController.php(13): App\Models\ProductModel->getProducts()
 7 SYSTEMPATH\CodeIgniter.php(933): App\Controllers\ProductController->index()
 8 SYSTEMPATH\CodeIgniter.php(509): CodeIgniter\CodeIgniter->runController(Object(App\Controllers\ProductController))
 9 SYSTEMPATH\CodeIgniter.php(355): CodeIgniter\CodeIgniter->handleRequest(null, Object(Config\Cache), false)
10 SYSTEMPATH\Boot.php(312): CodeIgniter\CodeIgniter->run()
11 SYSTEMPATH\Boot.php(67): CodeIgniter\Boot::runCodeIgniter(Object(CodeIgniter\CodeIgniter))
12 FCPATH\index.php(56): CodeIgniter\Boot::bootWeb(Object(Config\Paths))
CRITICAL - 2024-06-17 16:44:54 --> CodeIgniter\View\Exceptions\ViewException: Invalid file: "partials/navbar.php"
[Method: GET, Route: admin]
in SYSTEMPATH\Exceptions\FrameworkException.php on line 41.
 1 SYSTEMPATH\View\View.php(222): CodeIgniter\Exceptions\FrameworkException::forInvalidFile('partials/navbar.php')
 2 SYSTEMPATH\View\View.php(484): CodeIgniter\View\View->render('partials/navbar', null, true)
 3 APPPATH\Views\layouts\admin.php(14): CodeIgniter\View\View->include('partials/navbar')
 4 SYSTEMPATH\View\View.php(234): include('C:\\wamp64\\www\\remote-devs\\app\\Views\\layouts\\admin.php')
 5 SYSTEMPATH\View\View.php(237): CodeIgniter\View\View->CodeIgniter\View\{closure}()
 6 SYSTEMPATH\View\View.php(250): CodeIgniter\View\View->render('layouts/admin', [], true)
 7 SYSTEMPATH\Common.php(1171): CodeIgniter\View\View->render('admin/dashboard', [], true)
 8 APPPATH\Controllers\AdminController.php(9): view('admin/dashboard')
 9 SYSTEMPATH\CodeIgniter.php(933): App\Controllers\AdminController->dashboard()
10 SYSTEMPATH\CodeIgniter.php(509): CodeIgniter\CodeIgniter->runController(Object(App\Controllers\AdminController))
11 SYSTEMPATH\CodeIgniter.php(355): CodeIgniter\CodeIgniter->handleRequest(null, Object(Config\Cache), false)
12 SYSTEMPATH\Boot.php(312): CodeIgniter\CodeIgniter->run()
13 SYSTEMPATH\Boot.php(67): CodeIgniter\Boot::runCodeIgniter(Object(CodeIgniter\CodeIgniter))
14 FCPATH\index.php(56): CodeIgniter\Boot::bootWeb(Object(Config\Paths))
